<?xml version="1.0" encoding="UTF-8"?>
<!-- Generated by org.testng.reporters.JUnitXMLReporter -->
<testsuite ignored="2" hostname="Nilesh" failures="0" tests="3" name="Test" time="0.192" errors="0" timestamp="2024-11-12T06:07:48 IST">
  <testcase classname="Resources.baseClass" name="@BeforeMethod browserlaunch" time="-1.731371868061E9">
    <failure type="org.testng.TestNGException" message="
Parameter &amp;apos;browser&amp;apos; is required by BeforeMethod on method browserlaunch but has not been marked @Optional or defined
in C:\Users\admin\eclipse-workspace\SeleniumtestngFramework\testng.xml">
      <![CDATA[org.testng.TestNGException: 
Parameter 'browser' is required by BeforeMethod on method browserlaunch but has not been marked @Optional or defined
in C:\Users\admin\eclipse-workspace\SeleniumtestngFramework\testng.xml
at java.base/java.util.ArrayList.forEach(ArrayList.java:1596)
... Removed 28 stack frames]]>
    </failure>
  </testcase> <!-- @BeforeMethod browserlaunch -->
  <testcase classname="Resources.baseClass" name="@AfterMethod browserClose" time="-1.731371868119E9">
    <skipped/>
  </testcase> <!-- @AfterMethod browserClose -->
  <testcase classname="Resources.baseClass" name="@BeforeMethod browserlaunch" time="-1.731371868134E9">
    <skipped/>
  </testcase> <!-- @BeforeMethod browserlaunch -->
  <testcase classname="Resources.baseClass" name="@AfterMethod browserClose" time="-1.731371868163E9">
    <skipped/>
  </testcase> <!-- @AfterMethod browserClose -->
  <testcase classname="Resources.baseClass" name="@BeforeMethod browserlaunch" time="-1.731371868178E9">
    <failure type="org.testng.TestNGException" message="
Parameter &amp;apos;browser&amp;apos; is required by BeforeMethod on method browserlaunch but has not been marked @Optional or defined
in C:\Users\admin\eclipse-workspace\SeleniumtestngFramework\testng.xml">
      <![CDATA[org.testng.TestNGException: 
Parameter 'browser' is required by BeforeMethod on method browserlaunch but has not been marked @Optional or defined
in C:\Users\admin\eclipse-workspace\SeleniumtestngFramework\testng.xml
at java.base/java.util.ArrayList.forEach(ArrayList.java:1596)
... Removed 28 stack frames]]>
    </failure>
  </testcase> <!-- @BeforeMethod browserlaunch -->
  <testcase classname="Resources.baseClass" name="@AfterMethod browserClose" time="-1.7313718682E9">
    <skipped/>
  </testcase> <!-- @AfterMethod browserClose -->
  <testcase classname="TestCases.registerTestCases" name="verifyRegsiterationWithValidData" time="0.0">
    <skipped/>
  </testcase> <!-- verifyRegsiterationWithValidData -->
  <testcase classname="TestCases.registerTestCases" name="verifyregisterationwithinvaliddata" time="0.0">
    <skipped/>
  </testcase> <!-- verifyregisterationwithinvaliddata -->
  <testcase classname="TestCases.LoginTestCases" name="VerifyLoginWithvalidData" time="0.0">
    <skipped/>
  </testcase> <!-- VerifyLoginWithvalidData -->
  <testcase classname="Resources.baseClass" name="@BeforeSuite ExtentReport" time="0.0">
    <ignored/>
  </testcase> <!-- @BeforeSuite ExtentReport -->
  <testcase classname="Resources.baseClass" name="@AfterSuite endReport" time="0.0">
    <ignored/>
  </testcase> <!-- @AfterSuite endReport -->
</testsuite> <!-- Test -->
